# JRE version: Java(TM) SE Runtime Environment (8.0_131-b11) (build 1.8.0_131-b11)
# Java VM: Java HotSpot(TM) 64-Bit Server VM (25.131-b11 mixed mode windows-amd64 compressed oops)
Heap:
 PSYoungGen      total 304128K, used 5403K [0x00000000e0980000, 0x00000000f7d00000, 0x0000000100000000)
  eden space 256512K, 2% used [0x00000000e0980000,0x00000000e0ec6e28,0x00000000f0400000)
  from space 47616K, 0% used [0x00000000f4e80000,0x00000000f4e80000,0x00000000f7d00000)
  to   space 46080K, 0% used [0x00000000f2180000,0x00000000f2180000,0x00000000f4e80000)
 ParOldGen       total 125440K, used 102227K [0x00000000a1c00000, 0x00000000a9680000, 0x00000000e0980000)
  object space 125440K, 81% used [0x00000000a1c00000,0x00000000a7fd4dd8,0x00000000a9680000)
 Metaspace       used 7268K, capacity 7832K, committed 7936K, reserved 1056768K
  class space    used 667K, capacity 720K, committed 768K, reserved 1048576K
GC Heap History (10 events):
Event: 7.344 GC heap before
{Heap before GC invocations=10 (full 1):
 PSYoungGen      total 215040K, used 27636K [0x00000000e0980000, 0x00000000f7d80000, 0x0000000100000000)
  eden space 187392K, 0% used [0x00000000e0980000,0x00000000e0980000,0x00000000ec080000)
  from space 27648K, 99% used [0x00000000ec080000,0x00000000edb7d268,0x00000000edb80000)
  to   space 40448K, 0% used [0x00000000f5600000,0x00000000f5600000,0x00000000f7d80000)
 ParOldGen       total 65536K, used 58874K [0x00000000a1c00000, 0x00000000a5c00000, 0x00000000e0980000)
  object space 65536K, 89% used [0x00000000a1c00000,0x00000000a557eaf0,0x00000000a5c00000)
 Metaspace       used 6694K, capacity 7256K, committed 7424K, reserved 1056768K
  class space    used 643K, capacity 656K, committed 768K, reserved 1048576K
Event: 8.776 GC heap after
Heap after GC invocations=10 (full 1):
 PSYoungGen      total 215040K, used 16775K [0x00000000e0980000, 0x00000000f7d80000, 0x0000000100000000)
  eden space 187392K, 0% used [0x00000000e0980000,0x00000000e0980000,0x00000000ec080000)
  from space 27648K, 60% used [0x00000000ec080000,0x00000000ed0e1cc8,0x00000000edb80000)
  to   space 40448K, 0% used [0x00000000f5600000,0x00000000f5600000,0x00000000f7d80000)
 ParOldGen       total 125440K, used 65280K [0x00000000a1c00000, 0x00000000a9680000, 0x00000000e0980000)
  object space 125440K, 52% used [0x00000000a1c00000,0x00000000a5bc0050,0x00000000a9680000)
 Metaspace       used 6694K, capacity 7256K, committed 7424K, reserved 1056768K
  class space    used 643K, capacity 656K, committed 768K, reserved 1048576K
}
Event: 10.888 GC heap before
{Heap before GC invocations=11 (full 1):
 PSYoungGen      total 215040K, used 204167K [0x00000000e0980000, 0x00000000f7d80000, 0x0000000100000000)
  eden space 187392K, 100% used [0x00000000e0980000,0x00000000ec080000,0x00000000ec080000)
  from space 27648K, 60% used [0x00000000ec080000,0x00000000ed0e1cc8,0x00000000edb80000)
  to   space 40448K, 0% used [0x00000000f5600000,0x00000000f5600000,0x00000000f7d80000)
 ParOldGen       total 125440K, used 65280K [0x00000000a1c00000, 0x00000000a9680000, 0x00000000e0980000)
  object space 125440K, 52% used [0x00000000a1c00000,0x00000000a5bc0050,0x00000000a9680000)
 Metaspace       used 6703K, capacity 7256K, committed 7424K, reserved 1056768K
  class space    used 643K, capacity 656K, committed 768K, reserved 1048576K
Event: 11.133 GC heap after
Heap after GC invocations=11 (full 1):
 PSYoungGen      total 256512K, used 38132K [0x00000000e0980000, 0x00000000f7b80000, 0x0000000100000000)
  eden space 218112K, 0% used [0x00000000e0980000,0x00000000e0980000,0x00000000ede80000)
  from space 38400K, 99% used [0x00000000f5600000,0x00000000f7b3d240,0x00000000f7b80000)
  to   space 46080K, 0% used [0x00000000f2180000,0x00000000f2180000,0x00000000f4e80000)
 ParOldGen       total 125440K, used 72934K [0x00000000a1c00000, 0x00000000a9680000, 0x00000000e0980000)
  object space 125440K, 58% used [0x00000000a1c00000,0x00000000a63399a8,0x00000000a9680000)
 Metaspace       used 6703K, capacity 7256K, committed 7424K, reserved 1056768K
  class space    used 643K, capacity 656K, committed 768K, reserved 1048576K
}
Event: 13.056 GC heap before
{Heap before GC invocations=12 (full 1):
 PSYoungGen      total 256512K, used 256244K [0x00000000e0980000, 0x00000000f7b80000, 0x0000000100000000)
  eden space 218112K, 100% used [0x00000000e0980000,0x00000000ede80000,0x00000000ede80000)
  from space 38400K, 99% used [0x00000000f5600000,0x00000000f7b3d240,0x00000000f7b80000)
  to   space 46080K, 0% used [0x00000000f2180000,0x00000000f2180000,0x00000000f4e80000)
 ParOldGen       total 125440K, used 72934K [0x00000000a1c00000, 0x00000000a9680000, 0x00000000e0980000)
  object space 125440K, 58% used [0x00000000a1c00000,0x00000000a63399a8,0x00000000a9680000)
 Metaspace       used 6707K, capacity 7256K, committed 7424K, reserved 1056768K
  class space    used 643K, capacity 656K, committed 768K, reserved 1048576K
Event: 13.247 GC heap after
Heap after GC invocations=12 (full 1):
 PSYoungGen      total 302592K, used 46054K [0x00000000e0980000, 0x00000000f7d00000, 0x0000000100000000)
  eden space 256512K, 0% used [0x00000000e0980000,0x00000000e0980000,0x00000000f0400000)
  from space 46080K, 99% used [0x00000000f2180000,0x00000000f4e79ac8,0x00000000f4e80000)
  to   space 47616K, 0% used [0x00000000f4e80000,0x00000000f4e80000,0x00000000f7d00000)
 ParOldGen       total 125440K, used 96021K [0x00000000a1c00000, 0x00000000a9680000, 0x00000000e0980000)
  object space 125440K, 76% used [0x00000000a1c00000,0x00000000a79c5770,0x00000000a9680000)
 Metaspace       used 6707K, capacity 7256K, committed 7424K, reserved 1056768K
  class space    used 643K, capacity 656K, committed 768K, reserved 1048576K
}
Event: 18.208 GC heap before
{Heap before GC invocations=13 (full 1):
 PSYoungGen      total 302592K, used 301076K [0x00000000e0980000, 0x00000000f7d00000, 0x0000000100000000)
  eden space 256512K, 99% used [0x00000000e0980000,0x00000000f028b5e0,0x00000000f0400000)
  from space 46080K, 99% used [0x00000000f2180000,0x00000000f4e79ac8,0x00000000f4e80000)
  to   space 47616K, 0% used [0x00000000f4e80000,0x00000000f4e80000,0x00000000f7d00000)
 ParOldGen       total 125440K, used 96021K [0x00000000a1c00000, 0x00000000a9680000, 0x00000000e0980000)
  object space 125440K, 76% used [0x00000000a1c00000,0x00000000a79c5770,0x00000000a9680000)
 Metaspace       used 7184K, capacity 7704K, committed 7936K, reserved 1056768K
  class space    used 666K, capacity 720K, committed 768K, reserved 1048576K
Event: 18.476 GC heap after
Heap after GC invocations=13 (full 1):
 PSYoungGen      total 304128K, used 46864K [0x00000000e0980000, 0x00000000f7d00000, 0x0000000100000000)
  eden space 256512K, 0% used [0x00000000e0980000,0x00000000e0980000,0x00000000f0400000)
  from space 47616K, 98% used [0x00000000f4e80000,0x00000000f7c44140,0x00000000f7d00000)
  to   space 46080K, 0% used [0x00000000f2180000,0x00000000f2180000,0x00000000f4e80000)
 ParOldGen       total 125440K, used 106727K [0x00000000a1c00000, 0x00000000a9680000, 0x00000000e0980000)
  object space 125440K, 85% used [0x00000000a1c00000,0x00000000a8439dd8,0x00000000a9680000)
 Metaspace       used 7184K, capacity 7704K, committed 7936K, reserved 1056768K
  class space    used 666K, capacity 720K, committed 768K, reserved 1048576K
}
Event: 18.476 GC heap before
{Heap before GC invocations=14 (full 2):
 PSYoungGen      total 304128K, used 46864K [0x00000000e0980000, 0x00000000f7d00000, 0x0000000100000000)
  eden space 256512K, 0% used [0x00000000e0980000,0x00000000e0980000,0x00000000f0400000)
  from space 47616K, 98% used [0x00000000f4e80000,0x00000000f7c44140,0x00000000f7d00000)
  to   space 46080K, 0% used [0x00000000f2180000,0x00000000f2180000,0x00000000f4e80000)
 ParOldGen       total 125440K, used 106727K [0x00000000a1c00000, 0x00000000a9680000, 0x00000000e0980000)
  object space 125440K, 85% used [0x00000000a1c00000,0x00000000a8439dd8,0x00000000a9680000)
 Metaspace       used 7184K, capacity 7704K, committed 7936K, reserved 1056768K
  class space    used 666K, capacity 720K, committed 768K, reserved 1048576K
Event: 20.117 GC heap after
Heap after GC invocations=14 (full 2):
 PSYoungGen      total 304128K, used 0K [0x00000000e0980000, 0x00000000f7d00000, 0x0000000100000000)
  eden space 256512K, 0% used [0x00000000e0980000,0x00000000e0980000,0x00000000f0400000)
  from space 47616K, 0% used [0x00000000f4e80000,0x00000000f4e80000,0x00000000f7d00000)
  to   space 46080K, 0% used [0x00000000f2180000,0x00000000f2180000,0x00000000f4e80000)
 ParOldGen       total 125440K, used 102227K [0x00000000a1c00000, 0x00000000a9680000, 0x00000000e0980000)
  object space 125440K, 81% used [0x00000000a1c00000,0x00000000a7fd4dd8,0x00000000a9680000)
 Metaspace       used 7184K, capacity 7704K, committed 7936K, reserved 1056768K
  class space    used 666K, capacity 720K, committed 768K, reserved 1048576K
}

